Using pre-set license
Built from '2021.3/staging' branch; Version is '2021.3.2f1 (d6360bedb9a0) revision 14038539'; Using compiler version '192829333'; Build Type 'Release'
OS: 'Windows 10  (10.0.19043) 64bit Professional' Language: 'es' Physical Memory: 8023 MB
BatchMode: 1, IsHumanControllingUs: 0, StartBugReporterOnCrash: 0, Is64bit: 1, IsPro: 1

COMMAND LINE ARGUMENTS:
C:\Program Files\Unity\Hub\Editor\2021.3.2f1\Editor\Unity.exe
-adb2
-batchMode
-noUpm
-name
AssetImportWorker54
-projectPath
C:/Users/Yosetto/Documents/TFG/TFG Builds/Augmented-Reality-TFT
-logFile
Logs/AssetImportWorker54.log
-srvPort
49240
Successfully changed project path to: C:/Users/Yosetto/Documents/TFG/TFG Builds/Augmented-Reality-TFT
C:/Users/Yosetto/Documents/TFG/TFG Builds/Augmented-Reality-TFT
[UnityMemory] Configuration Parameters - Can be set up in boot.config
    "memorysetup-bucket-allocator-granularity=16"
    "memorysetup-bucket-allocator-bucket-count=8"
    "memorysetup-bucket-allocator-block-size=33554432"
    "memorysetup-bucket-allocator-block-count=8"
    "memorysetup-main-allocator-block-size=16777216"
    "memorysetup-thread-allocator-block-size=16777216"
    "memorysetup-gfx-main-allocator-block-size=16777216"
    "memorysetup-gfx-thread-allocator-block-size=16777216"
    "memorysetup-cache-allocator-block-size=4194304"
    "memorysetup-typetree-allocator-block-size=2097152"
    "memorysetup-profiler-bucket-allocator-granularity=16"
    "memorysetup-profiler-bucket-allocator-bucket-count=8"
    "memorysetup-profiler-bucket-allocator-block-size=33554432"
    "memorysetup-profiler-bucket-allocator-block-count=8"
    "memorysetup-profiler-allocator-block-size=16777216"
    "memorysetup-profiler-editor-allocator-block-size=1048576"
    "memorysetup-temp-allocator-size-main=16777216"
    "memorysetup-job-temp-allocator-block-size=2097152"
    "memorysetup-job-temp-allocator-block-size-background=1048576"
    "memorysetup-job-temp-allocator-reduction-small-platforms=262144"
    "memorysetup-temp-allocator-size-background-worker=32768"
    "memorysetup-temp-allocator-size-job-worker=262144"
    "memorysetup-temp-allocator-size-preload-manager=33554432"
    "memorysetup-temp-allocator-size-nav-mesh-worker=65536"
    "memorysetup-temp-allocator-size-audio-worker=65536"
    "memorysetup-temp-allocator-size-cloud-worker=32768"
    "memorysetup-temp-allocator-size-gi-baking-worker=262144"
    "memorysetup-temp-allocator-size-gfx=262144"
Refreshing native plugins compatible for Editor in 74.42 ms, found 2 plugins.
Preloading 0 native plugins for Editor in 0.00 ms.
Initialize engine version: 2021.3.2f1 (d6360bedb9a0)
[Subsystems] Discovering subsystems at path C:/Program Files/Unity/Hub/Editor/2021.3.2f1/Editor/Data/Resources/UnitySubsystems
[Subsystems] Discovering subsystems at path C:/Users/Yosetto/Documents/TFG/TFG Builds/Augmented-Reality-TFT/Assets
GfxDevice: creating device client; threaded=0; jobified=0
Direct3D:
    Version:  Direct3D 11.0 [level 11.1]
    Renderer: NVIDIA GeForce GTX 1650 (ID=0x1f99)
    Vendor:   NVIDIA
    VRAM:     3962 MB
    Driver:   27.21.14.6259
Initialize mono
Mono path[0] = 'C:/Program Files/Unity/Hub/Editor/2021.3.2f1/Editor/Data/Managed'
Mono path[1] = 'C:/Program Files/Unity/Hub/Editor/2021.3.2f1/Editor/Data/MonoBleedingEdge/lib/mono/unityjit-win32'
Mono config path = 'C:/Program Files/Unity/Hub/Editor/2021.3.2f1/Editor/Data/MonoBleedingEdge/etc'
Using monoOptions --debugger-agent=transport=dt_socket,embedding=1,server=y,suspend=n,address=127.0.0.1:56372
Begin MonoManager ReloadAssembly
Registering precompiled unity dll's ...
Register platform support module: C:/Program Files/Unity/Hub/Editor/2021.3.2f1/Editor/Data/PlaybackEngines/AndroidPlayer/UnityEditor.Android.Extensions.dll
Register platform support module: C:/Program Files/Unity/Hub/Editor/2021.3.2f1/Editor/Data/PlaybackEngines/WindowsStandaloneSupport/UnityEditor.WindowsStandalone.Extensions.dll
Registered in 0.010999 seconds.
Native extension for WindowsStandalone target not found
Native extension for Android target not found
Refreshing native plugins compatible for Editor in 67.32 ms, found 2 plugins.
Preloading 0 native plugins for Editor in 0.00 ms.
Mono: successfully reloaded assembly
- Completed reload, in  0.938 seconds
Domain Reload Profiling:
	ReloadAssembly (939ms)
		BeginReloadAssembly (108ms)
			ExecutionOrderSort (0ms)
			DisableScriptedObjects (0ms)
			BackupInstance (0ms)
			ReleaseScriptingObjects (0ms)
			CreateAndSetChildDomain (1ms)
		EndReloadAssembly (634ms)
			LoadAssemblies (106ms)
			RebuildTransferFunctionScriptingTraits (0ms)
			SetupTypeCache (173ms)
			ReleaseScriptCaches (0ms)
			RebuildScriptCaches (40ms)
			SetupLoadedEditorAssemblies (350ms)
				LogAssemblyErrors (0ms)
				InitializePlatformSupportModulesInManaged (85ms)
				SetLoadedEditorAssemblies (0ms)
				RefreshPlugins (67ms)
				BeforeProcessingInitializeOnLoad (1ms)
				ProcessInitializeOnLoadAttributes (134ms)
				ProcessInitializeOnLoadMethodAttributes (61ms)
				AfterProcessingInitializeOnLoad (0ms)
				EditorAssembliesLoaded (0ms)
			ExecutionOrderSort2 (0ms)
			AwakeInstancesAfterBackupRestoration (0ms)
Platform modules already initialized, skipping
Registering precompiled user dll's ...
Registered in 0.005525 seconds.
Begin MonoManager ReloadAssembly
Native extension for WindowsStandalone target not found
Native extension for Android target not found
Refreshing native plugins compatible for Editor in 59.25 ms, found 2 plugins.
Preloading 0 native plugins for Editor in 0.00 ms.
Package Manager log level set to [2]
Mono: successfully reloaded assembly
- Completed reload, in  1.986 seconds
Domain Reload Profiling:
	ReloadAssembly (1987ms)
		BeginReloadAssembly (466ms)
			ExecutionOrderSort (0ms)
			DisableScriptedObjects (8ms)
			BackupInstance (0ms)
			ReleaseScriptingObjects (0ms)
			CreateAndSetChildDomain (192ms)
		EndReloadAssembly (1238ms)
			LoadAssemblies (252ms)
			RebuildTransferFunctionScriptingTraits (0ms)
			SetupTypeCache (308ms)
			ReleaseScriptCaches (2ms)
			RebuildScriptCaches (74ms)
			SetupLoadedEditorAssemblies (663ms)
				LogAssemblyErrors (0ms)
				InitializePlatformSupportModulesInManaged (17ms)
				SetLoadedEditorAssemblies (0ms)
				RefreshPlugins (59ms)
				BeforeProcessingInitializeOnLoad (150ms)
				ProcessInitializeOnLoadAttributes (394ms)
				ProcessInitializeOnLoadMethodAttributes (32ms)
				AfterProcessingInitializeOnLoad (9ms)
				EditorAssembliesLoaded (0ms)
			ExecutionOrderSort2 (0ms)
			AwakeInstancesAfterBackupRestoration (7ms)
Platform modules already initialized, skipping
========================================================================
Worker process is ready to serve import requests
Launched and connected shader compiler UnityShaderCompiler.exe after 0.14 seconds
Refreshing native plugins compatible for Editor in 0.68 ms, found 2 plugins.
Preloading 0 native plugins for Editor in 0.00 ms.
Unloading 2711 Unused Serialized files (Serialized files now loaded: 0)
Unloading 23 unused Assets / (58.2 KB). Loaded Objects now: 3183.
Memory consumption went from 106.6 MB to 106.5 MB.
Total: 5.124400 ms (FindLiveObjects: 0.486100 ms CreateObjectMapping: 0.261500 ms MarkObjects: 4.166100 ms  DeleteObjects: 0.208800 ms)

AssetImportParameters requested are different than current active one (requested -> active):
  custom:video-decoder-ogg-theora: a1e56fd34408186e4bbccfd4996cb3dc -> 
  custom:container-muxer-webm: aa71ff27fc2769a1b78a27578f13a17b -> 
  custom:container-demuxer-webm: 4f35f7cbe854078d1ac9338744f61a02 -> 
  custom:video-encoder-webm-vp8: eb34c28f22e8b96e1ab97ce403110664 -> 
  custom:audio-encoder-webm-vorbis: bf7c407c2cedff20999df2af8eb42d56 -> 
  custom:framework-win-MediaFoundation: 216162199b28c13a410421893ffa2e32 -> 
  custom:container-demuxer-ogg: 62fdf1f143b41e24485cea50d1cbac27 -> 
  custom:video-decoder-webm-vp8: 9c59270c3fd7afecdb556c50c9e8de78 -> 
  custom:audio-decoder-ogg-vorbis: bf7c407c2cedff20999df2af8eb42d56 -> 
========================================================================
Received Import Request.
  Time since last request: 2087.820125 seconds.
  path: Assets/UI Docs/UIStartMenu/StartMenuTemplate.uxml
  artifactKey: Guid(a59df3fd788162642b59e11c2906ff13) Importer(815301076,1909f56bfc062723c751e8b465ee728b)
Start importing Assets/UI Docs/UIStartMenu/StartMenuTemplate.uxml using Guid(a59df3fd788162642b59e11c2906ff13) Importer(815301076,1909f56bfc062723c751e8b465ee728b)  -> (artifact id: 'f2514e64c5d9e45f727d1d4e1401b0e1') in 0.082268 seconds 
========================================================================
Received Import Request.
  Time since last request: 221.617859 seconds.
  path: Assets/UI Docs/UIAssets
  artifactKey: Guid(f3f2a39edc38bee4ebabe665f0eedf4d) Importer(815301076,1909f56bfc062723c751e8b465ee728b)
Start importing Assets/UI Docs/UIAssets using Guid(f3f2a39edc38bee4ebabe665f0eedf4d) Importer(815301076,1909f56bfc062723c751e8b465ee728b)  -> (artifact id: '53e825b2b6177d09ccce312131821e9c') in 0.010872 seconds 
========================================================================
Received Import Request.
  Time since last request: 39.547512 seconds.
  path: Assets/UI Docs/UIAssets/closeButton.svg
  artifactKey: Guid(cd6589909b048a0439077f722bf2d0a4) Importer(815301076,1909f56bfc062723c751e8b465ee728b)
Start importing Assets/UI Docs/UIAssets/closeButton.svg using Guid(cd6589909b048a0439077f722bf2d0a4) Importer(815301076,1909f56bfc062723c751e8b465ee728b)  -> (artifact id: '7edfe6d92a324f77d285e6dd30a1b112') in 0.023592 seconds 
========================================================================
Received Import Request.
  Time since last request: 161.420083 seconds.
  path: Assets/UI Docs/UIAssets/closeButton.png
  artifactKey: Guid(759fc8964a6613e4399f5cf78f41a2b7) Importer(815301076,1909f56bfc062723c751e8b465ee728b)
Start importing Assets/UI Docs/UIAssets/closeButton.png using Guid(759fc8964a6613e4399f5cf78f41a2b7) Importer(815301076,1909f56bfc062723c751e8b465ee728b)  -> (artifact id: '137ba714b90dc78d1fe153781eee38e2') in 0.083118 seconds 
========================================================================
Received Import Request.
  Time since last request: 54.185683 seconds.
  path: Assets/UI Docs/UIAssets/closeButton.png
  artifactKey: Guid(759fc8964a6613e4399f5cf78f41a2b7) Importer(815301076,1909f56bfc062723c751e8b465ee728b)
Start importing Assets/UI Docs/UIAssets/closeButton.png using Guid(759fc8964a6613e4399f5cf78f41a2b7) Importer(815301076,1909f56bfc062723c751e8b465ee728b)  -> (artifact id: '0d58040ae73e759bd0533c56318245dc') in 0.056990 seconds 
========================================================================
Received Import Request.
  Time since last request: 23.789757 seconds.
  path: Assets/UI Docs/GameUI/QuizUI/Quiz.uxml
  artifactKey: Guid(bee691567044bcd4ea752c1067f1ad8e) Importer(815301076,1909f56bfc062723c751e8b465ee728b)
Start importing Assets/UI Docs/GameUI/QuizUI/Quiz.uxml using Guid(bee691567044bcd4ea752c1067f1ad8e) Importer(815301076,1909f56bfc062723c751e8b465ee728b)  -> (artifact id: 'b67fe6b109a24bec8dea72e310d4b566') in 0.022140 seconds 
========================================================================
Received Import Request.
  Time since last request: 1298.420619 seconds.
  path: Assets/UI Docs/GameUI/QuizUI/Quiz.uxml
  artifactKey: Guid(bee691567044bcd4ea752c1067f1ad8e) Importer(815301076,1909f56bfc062723c751e8b465ee728b)
Start importing Assets/UI Docs/GameUI/QuizUI/Quiz.uxml using Guid(bee691567044bcd4ea752c1067f1ad8e) Importer(815301076,1909f56bfc062723c751e8b465ee728b)  -> (artifact id: '57d0a605576d31ebe0151f123e2d699f') in 0.009822 seconds 
========================================================================
Received Prepare
Refreshing native plugins compatible for Editor in 15.70 ms, found 2 plugins.
Preloading 0 native plugins for Editor in 0.00 ms.
Unloading 13 Unused Serialized files (Serialized files now loaded: 0)
Unloading 13 unused Assets / (21.9 KB). Loaded Objects now: 3192.
Memory consumption went from 56.0 MB to 55.9 MB.
Total: 77.785800 ms (FindLiveObjects: 0.487500 ms CreateObjectMapping: 0.363600 ms MarkObjects: 76.897100 ms  DeleteObjects: 0.036500 ms)

AssetImportParameters requested are different than current active one (requested -> active):
  custom:video-decoder-ogg-theora: a1e56fd34408186e4bbccfd4996cb3dc -> 
  custom:container-muxer-webm: aa71ff27fc2769a1b78a27578f13a17b -> 
  custom:container-demuxer-webm: 4f35f7cbe854078d1ac9338744f61a02 -> 
  custom:video-encoder-webm-vp8: eb34c28f22e8b96e1ab97ce403110664 -> 
  custom:audio-encoder-webm-vorbis: bf7c407c2cedff20999df2af8eb42d56 -> 
  custom:framework-win-MediaFoundation: 216162199b28c13a410421893ffa2e32 -> 
  custom:container-demuxer-ogg: 62fdf1f143b41e24485cea50d1cbac27 -> 
  custom:video-decoder-webm-vp8: 9c59270c3fd7afecdb556c50c9e8de78 -> 
  custom:audio-decoder-ogg-vorbis: bf7c407c2cedff20999df2af8eb42d56 -> 
========================================================================
Received Import Request.
  Time since last request: 205.974412 seconds.
  path: Assets/UI Docs/GameUI/QuizUI/Quiz.uxml
  artifactKey: Guid(bee691567044bcd4ea752c1067f1ad8e) Importer(815301076,1909f56bfc062723c751e8b465ee728b)
Start importing Assets/UI Docs/GameUI/QuizUI/Quiz.uxml using Guid(bee691567044bcd4ea752c1067f1ad8e) Importer(815301076,1909f56bfc062723c751e8b465ee728b)  -> (artifact id: '135f3292f2ae0825750019d29d852b19') in 0.034890 seconds 
========================================================================
Received Prepare
Refreshing native plugins compatible for Editor in 6.94 ms, found 2 plugins.
Preloading 0 native plugins for Editor in 0.00 ms.
Unloading 13 Unused Serialized files (Serialized files now loaded: 0)
Unloading 13 unused Assets / (21.9 KB). Loaded Objects now: 3192.
Memory consumption went from 56.0 MB to 55.9 MB.
Total: 5.566700 ms (FindLiveObjects: 0.384600 ms CreateObjectMapping: 0.227200 ms MarkObjects: 4.850600 ms  DeleteObjects: 0.103700 ms)

AssetImportParameters requested are different than current active one (requested -> active):
  custom:video-decoder-ogg-theora: a1e56fd34408186e4bbccfd4996cb3dc -> 
  custom:container-muxer-webm: aa71ff27fc2769a1b78a27578f13a17b -> 
  custom:container-demuxer-webm: 4f35f7cbe854078d1ac9338744f61a02 -> 
  custom:video-encoder-webm-vp8: eb34c28f22e8b96e1ab97ce403110664 -> 
  custom:audio-encoder-webm-vorbis: bf7c407c2cedff20999df2af8eb42d56 -> 
  custom:framework-win-MediaFoundation: 216162199b28c13a410421893ffa2e32 -> 
  custom:container-demuxer-ogg: 62fdf1f143b41e24485cea50d1cbac27 -> 
  custom:video-decoder-webm-vp8: 9c59270c3fd7afecdb556c50c9e8de78 -> 
  custom:audio-decoder-ogg-vorbis: bf7c407c2cedff20999df2af8eb42d56 -> 
========================================================================
Received Prepare
Refreshing native plugins compatible for Editor in 9.32 ms, found 2 plugins.
Preloading 0 native plugins for Editor in 0.00 ms.
Unloading 13 Unused Serialized files (Serialized files now loaded: 0)
Unloading 13 unused Assets / (21.9 KB). Loaded Objects now: 3192.
Memory consumption went from 56.0 MB to 55.9 MB.
Total: 4.721800 ms (FindLiveObjects: 0.513800 ms CreateObjectMapping: 0.311600 ms MarkObjects: 3.755700 ms  DeleteObjects: 0.140100 ms)

AssetImportParameters requested are different than current active one (requested -> active):
  custom:video-decoder-ogg-theora: a1e56fd34408186e4bbccfd4996cb3dc -> 
  custom:container-muxer-webm: aa71ff27fc2769a1b78a27578f13a17b -> 
  custom:container-demuxer-webm: 4f35f7cbe854078d1ac9338744f61a02 -> 
  custom:video-encoder-webm-vp8: eb34c28f22e8b96e1ab97ce403110664 -> 
  custom:audio-encoder-webm-vorbis: bf7c407c2cedff20999df2af8eb42d56 -> 
  custom:framework-win-MediaFoundation: 216162199b28c13a410421893ffa2e32 -> 
  custom:container-demuxer-ogg: 62fdf1f143b41e24485cea50d1cbac27 -> 
  custom:video-decoder-webm-vp8: 9c59270c3fd7afecdb556c50c9e8de78 -> 
  custom:audio-decoder-ogg-vorbis: bf7c407c2cedff20999df2af8eb42d56 -> 
========================================================================
Received Import Request.
  Time since last request: 169.202319 seconds.
  path: Assets/UI Docs/GameUI/QuizUI/Quiz.uxml
  artifactKey: Guid(bee691567044bcd4ea752c1067f1ad8e) Importer(815301076,1909f56bfc062723c751e8b465ee728b)
Start importing Assets/UI Docs/GameUI/QuizUI/Quiz.uxml using Guid(bee691567044bcd4ea752c1067f1ad8e) Importer(815301076,1909f56bfc062723c751e8b465ee728b)  -> (artifact id: '42c92bc059f0887a4f3975e0d4317528') in 0.024002 seconds 
========================================================================
Received Import Request.
  Time since last request: 188.971544 seconds.
  path: Assets/UI Docs/GameUI/QuizUI/Quiz.uxml
  artifactKey: Guid(bee691567044bcd4ea752c1067f1ad8e) Importer(815301076,1909f56bfc062723c751e8b465ee728b)
Start importing Assets/UI Docs/GameUI/QuizUI/Quiz.uxml using Guid(bee691567044bcd4ea752c1067f1ad8e) Importer(815301076,1909f56bfc062723c751e8b465ee728b)  -> (artifact id: '4506b8c90f58fdba39661794a5a8e766') in 0.018492 seconds 
========================================================================
Received Prepare
Refreshing native plugins compatible for Editor in 3.27 ms, found 2 plugins.
Preloading 0 native plugins for Editor in 0.00 ms.
Unloading 13 Unused Serialized files (Serialized files now loaded: 0)
Unloading 13 unused Assets / (21.9 KB). Loaded Objects now: 3192.
Memory consumption went from 56.0 MB to 55.9 MB.
Total: 3.823100 ms (FindLiveObjects: 0.311000 ms CreateObjectMapping: 0.291800 ms MarkObjects: 3.140600 ms  DeleteObjects: 0.079100 ms)

AssetImportParameters requested are different than current active one (requested -> active):
  custom:video-decoder-ogg-theora: a1e56fd34408186e4bbccfd4996cb3dc -> 
  custom:container-muxer-webm: aa71ff27fc2769a1b78a27578f13a17b -> 
  custom:container-demuxer-webm: 4f35f7cbe854078d1ac9338744f61a02 -> 
  custom:video-encoder-webm-vp8: eb34c28f22e8b96e1ab97ce403110664 -> 
  custom:audio-encoder-webm-vorbis: bf7c407c2cedff20999df2af8eb42d56 -> 
  custom:framework-win-MediaFoundation: 216162199b28c13a410421893ffa2e32 -> 
  custom:container-demuxer-ogg: 62fdf1f143b41e24485cea50d1cbac27 -> 
  custom:video-decoder-webm-vp8: 9c59270c3fd7afecdb556c50c9e8de78 -> 
  custom:audio-decoder-ogg-vorbis: bf7c407c2cedff20999df2af8eb42d56 -> 
